T4B98 000:001.066   SEGGER J-Link V7.98b Log File
T4B98 000:001.359   DLL Compiled: Jul 31 2024 16:10:46
T4B98 000:001.377   Logging started @ 2025-05-02 05:47
T4B98 000:001.392   Process: C:\Users\Rahul\.eclipse\com.renesas.platform_1291987301\DebugComp\RA\e2-server-gdb.exe
T4B98 000:001.411 - 1.405ms
T4B98 000:001.493 JLINK_GetDLLVersion()
T4B98 000:001.516 - 0.023ms returns 79802
T4B98 000:005.396 JLINK_OpenEx(...)
T4B98 000:014.150   Firmware: J-Link OB-S124 compiled Sep 26 2024 19:38:01
T4B98 000:015.666   Firmware: J-Link OB-S124 compiled Sep 26 2024 19:38:01
T4B98 000:042.108   Hardware: V1.00
T4B98 000:042.147   S/N: 831376507
T4B98 000:042.163   OEM: SEGGER
T4B98 000:042.183   Feature(s): None
T4B98 000:043.349   Bootloader: 2019 Oct 15
T4B98 000:044.298   USB speed mode: Full speed (12 MBit/s)
T4B98 000:045.103   TELNET listener socket opened on port 19021
T4B98 000:045.461   WEBSRV WEBSRV_Init(): Starting webserver thread(s)
T4B98 000:045.748   WEBSRV Webserver running on local port 19080
T4B98 000:046.040   Looking for J-Link GUI Server exe at: C:\Users\Rahul\.eclipse\com.renesas.platform_1291987301\DebugComp\RA\ARM\Segger_v7.98.2\JLinkGUIServer.exe
T4B98 000:046.324   Looking for J-Link GUI Server exe at: C:\Program Files\SEGGER\JLink_V810g\JLinkGUIServer.exe
T4B98 000:355.233   Failed to connect to J-Link GUI Server.
T4B98 000:355.319 - 349.898ms returns "O.K."
T4B98 000:355.522 JLINK_ExecCommand("ProjectFile=C:\Projects\Renasas e2 studio\blink1/blink1 Debug_Flat.jlink", ...). 
T4B98 000:387.093 - 31.575ms returns 0x00
T4B98 000:387.647 JLINK_ExecCommand("device=R7FA4E10D", ...). 
T4B98 000:388.964   Flash bank @ 0x0100A100: SFL: Parsing sectorization info from ELF file
T4B98 000:389.009     FlashDevice.SectorInfo[0]: .SectorSize = 0x00000010, .SectorStartAddr = 0x00000000
T4B98 000:389.025   FlashBank @0x0100A100: Sectorization info from SFL ELF file ignored because sectorization override from DLL / XML file is active.
T4B98 000:389.458   Flash bank @ 0x60000000: SFL: Parsing sectorization info from ELF file
T4B98 000:389.475     FlashDevice.SectorInfo[0]: .SectorSize = 0x00010000, .SectorStartAddr = 0x00000000
T4B98 000:395.479   Device "R7FA4E10D" selected.
T4B98 000:395.904 - 8.236ms returns 0x00
T4B98 000:395.945 JLINK_TIF_GetAvailable(...)
T4B98 000:396.376 - 0.430ms
T4B98 000:396.413 JLINK_TIF_Select(JLINKARM_TIF_SWD)
T4B98 000:397.692 - 1.278ms returns 0x00
T4B98 000:397.718 JLINK_SetSpeed(4000)
T4B98 000:397.878 - 0.161ms
T4B98 000:397.947 JLINK_ReadMem(0xE000EDF0, 0x4 Bytes, ...)
T4B98 000:398.249   ConfigTargetSettings() start
T4B98 000:398.288    J-Link Script File: Executing ConfigTargetSettings()
T4B98 000:398.320   Configuring FlashDLNoRMWThreshold=0x200 in order to make sure that option bytes programming is done via read-modify-write
T4B98 000:406.514   ConfigTargetSettings() end - Took 8.23ms
T4B98 000:406.545   InitTarget() start
T4B98 000:406.561    J-Link Script File: Executing InitTarget()
T4B98 000:406.573   SWD selected. Executing JTAG -> SWD switching sequence.
T4B98 000:412.668   DAP initialized successfully.
T4B98 000:412.719   Determining TrustZone configuration...
T4B98 000:416.370     Secure Debug: Enabled (SSD)
T4B98 000:416.405   Determining currently configured transfer type by reading the AHB-AP CSW register.
T4B98 000:419.064     --> Correct transfer type configured. Done.
T4B98 000:419.098   InitTarget() end - Took 12.5ms
T4B98 000:420.235   Found SW-DP with ID 0x6BA02477
T4B98 000:425.870   DPIDR: 0x6BA02477
T4B98 000:425.903   CoreSight SoC-400 or earlier
T4B98 000:425.919   Scanning AP map to find all available APs
T4B98 000:428.798   AP[2]: Stopped AP scan as end of AP map has been reached
T4B98 000:428.849   AP[0]: AHB-AP (IDR: 0x84770001)
T4B98 000:428.898   AP[1]: APB-AP (IDR: 0x54770002)
T4B98 000:428.914   Iterating through AP map to find AHB-AP to use
T4B98 000:430.891   AP[0]: Core found
T4B98 000:430.933   AP[0]: AHB-AP ROM base: 0xE00FE000
T4B98 000:431.717   CPUID register: 0x410FD214. Implementer code: 0x41 (ARM)
T4B98 000:431.875   Feature set: Mainline
T4B98 000:432.703   Cache: No cache
T4B98 000:432.730   Found Cortex-M33 r0p4, Little endian.
T4B98 000:433.625   -- Max. mem block: 0x00001960
T4B98 000:435.368   CPU_ReadMem(4 bytes @ 0xE000EDF0)
T4B98 000:436.393   CPU_ReadMem(4 bytes @ 0xE0002000)
T4B98 000:437.209   FPUnit: 8 code (BP) slots and 0 literal slots
T4B98 000:437.234   CPU_ReadMem(4 bytes @ 0xE000EDFC)
T4B98 000:438.059   CPU_ReadMem(4 bytes @ 0xE0001000)
T4B98 000:438.853   CPU_ReadMem(4 bytes @ 0xE0001000)
T4B98 000:439.758   CPU_ReadMem(4 bytes @ 0xE0001028)
T4B98 000:440.319   CPU_ReadMem(4 bytes @ 0xE0001038)
T4B98 000:441.020   CPU_ReadMem(4 bytes @ 0xE0001048)
T4B98 000:441.686   CPU_ReadMem(4 bytes @ 0xE0001058)
T4B98 000:442.354   CPU_WriteMem(4 bytes @ 0xE0001000)
T4B98 000:443.204   CPU_ReadMem(4 bytes @ 0xE000ED88)
T4B98 000:443.981   CPU_WriteMem(4 bytes @ 0xE000ED88)
T4B98 000:444.835   CPU_ReadMem(4 bytes @ 0xE000ED88)
T4B98 000:445.650   CPU_WriteMem(4 bytes @ 0xE000ED88)
T4B98 000:446.265   CPU_ReadMem(4 bytes @ 0xE000EFB8)
T4B98 000:446.894   Security extension: implemented
T4B98 000:446.929   Secure debug: enabled
T4B98 000:446.945   CoreSight components:
T4B98 000:446.960   ROMTbl[0] @ E00FE000
T4B98 000:446.978   CPU_ReadMem(64 bytes @ 0xE00FE000)
T4B98 000:448.676   CPU_ReadMem(32 bytes @ 0xE0044FE0)
T4B98 000:449.875   CPU_ReadMem(4 bytes @ 0xE0044FBC)
T4B98 000:450.649   CPU_ReadMem(4 bytes @ 0xE0044FCC)
T4B98 000:451.352   [0][0]: E0044000 CID B105900D PID 005BB906 DEVARCH 00000000 DEVTYPE 14 CTI (?)
T4B98 000:451.377   CPU_ReadMem(32 bytes @ 0xE0047FE0)
T4B98 000:452.933   CPU_ReadMem(4 bytes @ 0xE0047FBC)
T4B98 000:454.223   CPU_ReadMem(4 bytes @ 0xE0047FCC)
T4B98 000:455.506   [0][1]: E0047000 CID B105900D PID 003BB908 DEVARCH 00000000 DEVTYPE 12 CSTF
T4B98 000:455.543   CPU_ReadMem(32 bytes @ 0xE0048FE0)
T4B98 000:456.661   CPU_ReadMem(4 bytes @ 0xE0048FBC)
T4B98 000:457.837   CPU_ReadMem(4 bytes @ 0xE0048FCC)
T4B98 000:458.852   [0][2]: E0048000 CID B105900D PID 001BB961 DEVARCH 00000000 DEVTYPE 21 ETB
T4B98 000:458.890   CPU_ReadMem(32 bytes @ 0xE0049FE0)
T4B98 000:460.416   [0][3]: E0049000 CID B105F00D PID 001BB101 TSG
T4B98 000:460.464   CPU_ReadMem(32 bytes @ 0xE0040FE0)
T4B98 000:461.776   CPU_ReadMem(4 bytes @ 0xE0040FBC)
T4B98 000:463.075   CPU_ReadMem(4 bytes @ 0xE0040FCC)
T4B98 000:464.062   [0][4]: E0040000 CID B105900D PID 000BBD21 DEVARCH 00000000 DEVTYPE 11 TPIU
T4B98 000:464.084   CPU_ReadMem(32 bytes @ 0xE00FFFE0)
T4B98 000:465.672   [0][5]: E00FF000 CID B105100D PID 000BB4C9 ROM Table
T4B98 000:465.707   ROMTbl[1] @ E00FF000
T4B98 000:465.725   CPU_ReadMem(64 bytes @ 0xE00FF000)
T4B98 000:467.812   CPU_ReadMem(32 bytes @ 0xE000EFE0)
T4B98 000:469.061   CPU_ReadMem(4 bytes @ 0xE000EFBC)
T4B98 000:469.872   CPU_ReadMem(4 bytes @ 0xE000EFCC)
T4B98 000:470.740   [1][0]: E000E000 CID B105900D PID 000BBD21 DEVARCH 47702A04 DEVTYPE 00 Cortex-M33
T4B98 000:470.771   CPU_ReadMem(32 bytes @ 0xE0001FE0)
T4B98 000:471.912   CPU_ReadMem(4 bytes @ 0xE0001FBC)
T4B98 000:472.952   CPU_ReadMem(4 bytes @ 0xE0001FCC)
T4B98 000:474.080   [1][1]: E0001000 CID B105900D PID 000BBD21 DEVARCH 47701A02 DEVTYPE 00 DWT
T4B98 000:474.119   CPU_ReadMem(32 bytes @ 0xE0002FE0)
T4B98 000:475.257   CPU_ReadMem(4 bytes @ 0xE0002FBC)
T4B98 000:476.550   CPU_ReadMem(4 bytes @ 0xE0002FCC)
T4B98 000:477.466   [1][2]: E0002000 CID B105900D PID 000BBD21 DEVARCH 47701A03 DEVTYPE 00 FPB
T4B98 000:477.565   CPU_ReadMem(32 bytes @ 0xE0000FE0)
T4B98 000:478.865   CPU_ReadMem(4 bytes @ 0xE0000FBC)
T4B98 000:479.587   CPU_ReadMem(4 bytes @ 0xE0000FCC)
T4B98 000:480.257   [1][3]: E0000000 CID B105900D PID 000BBD21 DEVARCH 47701A01 DEVTYPE 43 ITM
T4B98 000:480.295   CPU_ReadMem(32 bytes @ 0xE0041FE0)
T4B98 000:481.583   CPU_ReadMem(4 bytes @ 0xE0041FBC)
T4B98 000:482.814   CPU_ReadMem(4 bytes @ 0xE0041FCC)
T4B98 000:484.067   [1][5]: E0041000 CID B105900D PID 002BBD21 DEVARCH 47724A13 DEVTYPE 13 ETM
T4B98 000:484.128   CPU_ReadMem(32 bytes @ 0xE0042FE0)
T4B98 000:485.643   CPU_ReadMem(4 bytes @ 0xE0042FBC)
T4B98 000:486.832   CPU_ReadMem(4 bytes @ 0xE0042FCC)
T4B98 000:487.933   [1][6]: E0042000 CID B105900D PID 000BBD21 DEVARCH 47701A14 DEVTYPE 14 CSS600-CTI
T4B98 000:488.047   CPU_ReadMem(4 bytes @ 0xE000EDF0)
T4B98 000:489.092   Data:  03 00 13 00
T4B98 000:489.127   Debug reg: DHCSR
T4B98 000:489.143 - 91.196ms returns 0
T4B98 000:489.192 JLINK_ReadMem(0x400E002C, 0x4 Bytes, ...)
T4B98 000:489.214   CPU_ReadMem(4 bytes @ 0x400E002C)
T4B98 000:490.428   Data:  02 00 00 00
T4B98 000:490.474 - 1.282ms returns 0
T4B98 000:490.630 JLINK_ReadMem(0xE000EDF0, 0x4 Bytes, ...)
T4B98 000:490.667   CPU_ReadMem(4 bytes @ 0xE000EDF0)
T4B98 000:491.549   Data:  03 00 13 00
T4B98 000:491.591   Debug reg: DHCSR
T4B98 000:491.607 - 0.977ms returns 0
T4B98 000:491.661 JLINK_ReadMem(0xE000EDF0, 0x4 Bytes, ...)
T4B98 000:491.679   CPU_ReadMem(4 bytes @ 0xE000EDF0)
T4B98 000:492.694   Data:  03 00 13 00
T4B98 000:492.741   Debug reg: DHCSR
T4B98 000:492.798 - 1.135ms returns 0
T4B98 000:492.844 JLINK_ReadMem(0x400E001C, 0x4 Bytes, ...)
T4B98 000:492.886   CPU_ReadMem(4 bytes @ 0x400E001C)
T4B98 000:493.620   Data:  00 10 00 00
T4B98 000:493.652 - 0.807ms returns 0
T4B98 000:493.696 JLINK_ReadMem(0xE000EDF0, 0x4 Bytes, ...)
T4B98 000:493.714   CPU_ReadMem(4 bytes @ 0xE000EDF0)
T4B98 000:494.392   Data:  03 00 13 00
T4B98 000:494.416   Debug reg: DHCSR
T4B98 000:494.433 - 0.736ms returns 0
T4B98 000:494.453 JLINK_ReadMem(0x400E0018, 0x4 Bytes, ...)
T4B98 000:494.471   CPU_ReadMem(4 bytes @ 0x400E0018)
T4B98 000:495.613   Data:  00 80 00 00
T4B98 000:495.648 - 1.195ms returns 0
T4B98 000:495.681 JLINK_ReadMem(0xE000EDF0, 0x4 Bytes, ...)
T4B98 000:495.702   CPU_ReadMem(4 bytes @ 0xE000EDF0)
T4B98 000:496.955   Data:  03 00 13 00
T4B98 000:496.990   Debug reg: DHCSR
T4B98 000:497.006 - 1.325ms returns 0
T4B98 000:497.029 JLINK_ReadMem(0x400E0020, 0x4 Bytes, ...)
T4B98 000:497.049   CPU_ReadMem(4 bytes @ 0x400E0020)
T4B98 000:498.217   Data:  00 00 00 00
T4B98 000:498.253 - 1.223ms returns 0
T4B98 000:498.287 JLINK_ReadMem(0xE000EDF0, 0x4 Bytes, ...)
T4B98 000:498.308   CPU_ReadMem(4 bytes @ 0xE000EDF0)
T4B98 000:499.374   Data:  03 00 13 00
T4B98 000:499.415   Debug reg: DHCSR
T4B98 000:499.431 - 1.144ms returns 0
T4B98 000:499.456 JLINK_ReadMem(0x400E0028, 0x4 Bytes, ...)
T4B98 000:499.475   CPU_ReadMem(4 bytes @ 0x400E0028)
T4B98 000:500.555   Data:  00 08 00 00
T4B98 000:500.628 - 1.171ms returns 0
T4B98 000:500.737 JLINK_ReadMem(0xE000EDF0, 0x4 Bytes, ...)
T4B98 000:500.801   CPU_ReadMem(4 bytes @ 0xE000EDF0)
T4B98 000:501.965   Data:  03 00 13 00
T4B98 000:502.003   Debug reg: DHCSR
T4B98 000:502.019 - 1.282ms returns 0
T4B98 000:502.040 JLINK_ReadMem(0x400E0024, 0x4 Bytes, ...)
T4B98 000:502.055   CPU_ReadMem(4 bytes @ 0x400E0024)
T4B98 000:503.019   Data:  00 20 00 00
T4B98 000:503.054 - 1.014ms returns 0
T4B98 000:503.085 JLINK_ReadMem(0xE000EDF0, 0x4 Bytes, ...)
T4B98 000:503.106   CPU_ReadMem(4 bytes @ 0xE000EDF0)
T4B98 000:503.986   Data:  03 00 13 00
T4B98 000:504.024   Debug reg: DHCSR
T4B98 000:504.040 - 0.954ms returns 0
T4B98 000:504.078 JLINK_ReadMem(0x400E002C, 0x4 Bytes, ...)
T4B98 000:504.099   CPU_ReadMem(4 bytes @ 0x400E002C)
T4B98 000:505.103   Data:  02 00 00 00
T4B98 000:505.154 - 1.076ms returns 0
T4B98 000:505.186 JLINK_ReadMem(0xE000EDF0, 0x4 Bytes, ...)
T4B98 000:505.207   CPU_ReadMem(4 bytes @ 0xE000EDF0)
T4B98 000:506.449   Data:  03 00 13 00
T4B98 000:506.484   Debug reg: DHCSR
T4B98 000:506.500 - 1.314ms returns 0
T4B98 000:506.524 JLINK_ReadMem(0x400E002C, 0x4 Bytes, ...)
T4B98 000:506.543   CPU_ReadMem(4 bytes @ 0x400E002C)
T4B98 000:507.796   Data:  02 00 00 00
T4B98 000:507.928 - 1.403ms returns 0
T4B98 000:515.925 JLINK_Close()
T4B98 000:539.391 - 23.464ms
T4B98 000:539.417   
T4B98 000:539.427   Closed
